<?xml version="1.0" encoding="UTF-8"?>
<!-- Generated by org.testng.reporters.JUnitReportReporter -->
<testsuite hostname="DESKTOP-3RU6S7A" failures="0" tests="1" name="seleniumBasics.Alerts_Frames" time="22.340" errors="0" timestamp="2023-04-02T17:08:51 IST" skipped="0">
  <testcase classname="seleniumBasics.Alerts_Frames" name="frames" time="22.340"/>
  <system-out/>
</testsuite> <!-- seleniumBasics.Alerts_Frames -->
