<?xml version="1.0" encoding="UTF-8"?>
<!-- Generated by org.testng.reporters.JUnitReportReporter -->
<testsuite hostname="DESKTOP-3RU6S7A" failures="0" tests="3" name="testngLearning.DataProviderPractice" time="0.033" errors="0" timestamp="2023-03-26T09:50:34 IST" skipped="0">
  <testcase classname="testngLearning.DataProviderPractice" name="logIn" time="0.021"/>
  <system-out/>
  <testcase classname="testngLearning.DataProviderPractice" name="logIn" time="0.005"/>
  <system-out/>
  <testcase classname="testngLearning.DataProviderPractice" name="logIn" time="0.007"/>
  <system-out/>
</testsuite> <!-- testngLearning.DataProviderPractice -->
