<?xml version="1.0" encoding="UTF-8"?>
<!-- Generated by org.testng.reporters.JUnitReportReporter -->
<testsuite skipped="0" hostname="DESKTOP-3RU6S7A" name="testngLearning.GreenKartTest" tests="1" failures="0" timestamp="12 Mar 2023 05:25:15 GMT" time="24.066" errors="0">
  <testcase name="itemsOrder" time="24.066" classname="testngLearning.GreenKartTest"/>
</testsuite> <!-- testngLearning.GreenKartTest -->
