<?xml version="1.0" encoding="UTF-8"?>
<!-- Generated by org.testng.reporters.JUnitReportReporter -->
<testsuite skipped="0" hostname="DESKTOP-3RU6S7A" name="testngLearning.OGB_Tests" tests="5" failures="0" timestamp="20 Mar 2023 06:10:37 GMT" time="80.478" errors="0">
  <testcase name="gmailPageCheck" time="12.102" classname="testngLearning.OGB_Tests"/>
  <testcase name="imagesPageCheck" time="10.223" classname="testngLearning.OGB_Tests"/>
  <testcase name="appMenu" time="23.709" classname="testngLearning.OGB_Tests"/>
  <testcase name="enableDarkTheme" time="8.880" classname="testngLearning.OGB_Tests"/>
  <testcase name="selectSearchResult" time="25.564" classname="testngLearning.OGB_Tests"/>
</testsuite> <!-- testngLearning.OGB_Tests -->
