<?xml version="1.0" encoding="UTF-8"?>
<!-- Generated by org.testng.reporters.JUnitReportReporter -->
<testsuite hostname="DESKTOP-3RU6S7A" failures="0" tests="3" name="testngLearning.DataProvider2" time="0.036" errors="0" timestamp="2023-03-26T09:06:36 IST" skipped="0">
  <testcase classname="testngLearning.DataProvider2" name="testCase1" time="0.024"/>
  <system-out/>
  <testcase classname="testngLearning.DataProvider2" name="testCase1" time="0.008"/>
  <system-out/>
  <testcase classname="testngLearning.DataProvider2" name="testCase1" time="0.004"/>
  <system-out/>
</testsuite> <!-- testngLearning.DataProvider2 -->
