<?xml version="1.0" encoding="UTF-8"?>
<!-- Generated by org.testng.reporters.JUnitReportReporter -->
<testsuite skipped="0" hostname="DESKTOP-3RU6S7A" name="mohanTestingAcedamy.tests.StandAloneTest2" tests="1" failures="0" timestamp="18 Mar 2023 10:44:41 GMT" time="27.524" errors="0">
  <testcase name="submitOrder" time="27.524" classname="mohanTestingAcedamy.tests.StandAloneTest2"/>
</testsuite> <!-- mohanTestingAcedamy.tests.StandAloneTest2 -->
