<?xml version="1.0" encoding="UTF-8"?>
<!-- Generated by org.testng.reporters.JUnitReportReporter -->
<testsuite skipped="0" hostname="DESKTOP-3RU6S7A" name="mohanTestingAcedamy.tests.ErrorValidations" tests="1" failures="0" timestamp="18 Mar 2023 11:17:31 GMT" time="11.578" errors="0">
  <testcase name="errorValidation" time="11.578" classname="mohanTestingAcedamy.tests.ErrorValidations"/>
</testsuite> <!-- mohanTestingAcedamy.tests.ErrorValidations -->
