<?xml version="1.0" encoding="UTF-8"?>
<!-- Generated by org.testng.reporters.JUnitReportReporter -->
<testsuite skipped="0" hostname="DESKTOP-3RU6S7A" name="TestNG.TestngBasics2" tests="1" failures="0" timestamp="10 Mar 2023 09:21:41 GMT" time="0.000" errors="0">
  <testcase name="testCase3" time="0.000" classname="TestNG.TestngBasics2"/>
</testsuite> <!-- TestNG.TestngBasics2 -->
