<?xml version="1.0" encoding="UTF-8"?>
<!-- Generated by org.testng.reporters.JUnitReportReporter -->
<testsuite skipped="0" hostname="DESKTOP-3RU6S7A" name="TestNG.TestngBasics3" tests="3" failures="0" timestamp="10 Mar 2023 09:21:41 GMT" time="0.016" errors="0">
  <testcase name="testCase4" time="0.000" classname="TestNG.TestngBasics3"/>
  <testcase name="testCase6" time="0.000" classname="TestNG.TestngBasics3"/>
  <testcase name="testCase5" time="0.016" classname="TestNG.TestngBasics3"/>
</testsuite> <!-- TestNG.TestngBasics3 -->
