<?xml version="1.0" encoding="UTF-8"?>
<!-- Generated by org.testng.reporters.JUnitReportReporter -->
<testsuite skipped="0" hostname="DESKTOP-3RU6S7A" name="TestngBasics3" tests="1" failures="0" timestamp="13 Dec 2022 17:31:59 GMT" time="0.030" errors="0">
  <testcase name="testCase3" time="0.030" classname="TestngBasics3"/>
</testsuite> <!-- TestngBasics3 -->
