<?xml version="1.0" encoding="UTF-8"?>
<!-- Generated by org.testng.reporters.JUnitReportReporter -->
<testsuite skipped="0" hostname="DESKTOP-3RU6S7A" name="TestngBasics2" tests="1" failures="0" timestamp="13 Dec 2022 17:14:41 GMT" time="0.013" errors="0">
  <testcase name="testCase3" time="0.013" classname="TestngBasics2"/>
</testsuite> <!-- TestngBasics2 -->
