<?xml version="1.0" encoding="UTF-8"?>
<!-- Generated by org.testng.reporters.JUnitReportReporter -->
<testsuite skipped="0" hostname="DESKTOP-3RU6S7A" name="TestngBasics1" tests="2" failures="0" timestamp="13 Dec 2022 17:14:41 GMT" time="0.153" errors="0">
  <testcase name="testCase1" time="0.098" classname="TestngBasics1"/>
  <testcase name="testCase2" time="0.055" classname="TestngBasics1"/>
</testsuite> <!-- TestngBasics1 -->
