<?xml version="1.0" encoding="UTF-8"?>
<!-- Generated by org.testng.reporters.JUnitReportReporter -->
<testsuite skipped="0" hostname="DESKTOP-3RU6S7A" name="TestNG.ChildClass" tests="1" failures="0" timestamp="12 Mar 2023 06:42:05 GMT" time="0.050" errors="0">
  <testcase name="test1" time="0.050" classname="TestNG.ChildClass"/>
</testsuite> <!-- TestNG.ChildClass -->
