<?xml version="1.0" encoding="UTF-8"?>
<!-- Generated by org.testng.reporters.JUnitReportReporter -->
<testsuite hostname="DESKTOP-3RU6S7A" failures="0" tests="1" name="resourses.Configurations" time="20.596" errors="0" timestamp="2023-04-05T19:09:47 IST" skipped="0">
  <testcase classname="resourses.Configurations" name="properties" time="20.596"/>
  <system-out/>
</testsuite> <!-- resourses.Configurations -->
