<?xml version="1.0" encoding="UTF-8"?>
<!-- Generated by org.testng.reporters.JUnitReportReporter -->
<testsuite hostname="DESKTOP-3RU6S7A" failures="0" tests="1" name="mohanAutomationProject.MyFirstTest" time="15.795" errors="0" timestamp="2023-03-26T12:36:34 IST" skipped="0">
  <testcase classname="mohanAutomationProject.MyFirstTest" name="findTitle" time="15.795"/>
  <system-out/>
</testsuite> <!-- mohanAutomationProject.MyFirstTest -->
