<?xml version="1.0" encoding="UTF-8"?>
<!-- Generated by org.testng.reporters.JUnitReportReporter -->
<testsuite hostname="DESKTOP-3RU6S7A" failures="0" tests="2" name="mohanAutomationProject.MouseActions" time="20.547" errors="0" timestamp="2023-04-03T18:48:06 IST" skipped="1">
  <testcase classname="mohanAutomationProject.MouseActions" name="search" time="20.547"/>
  <system-out/>
  <testcase classname="mohanAutomationProject.MouseActions" name="menu">
    <skipped/>
  </testcase> <!-- menu -->
  <system-out/>
</testsuite> <!-- mohanAutomationProject.MouseActions -->
