<?xml version="1.0" encoding="UTF-8"?>
<!-- Generated by org.testng.reporters.JUnitReportReporter -->
<testsuite hostname="DESKTOP-3RU6S7A" failures="0" tests="2" name="com.restasuredapi.CookiesDemo" time="6.571" errors="0" timestamp="2023-05-28T13:42:18 IST" skipped="0">
  <testcase classname="com.restasuredapi.CookiesDemo" name="cookies" time="5.880"/>
  <system-out/>
  <testcase classname="com.restasuredapi.CookiesDemo" name="getCookies" time="0.691"/>
  <system-out/>
</testsuite> <!-- com.restasuredapi.CookiesDemo -->
