<?xml version="1.0" encoding="UTF-8"?>
<!-- Generated by org.testng.reporters.JUnitReportReporter -->
<testsuite hostname="DESKTOP-3RU6S7A" failures="0" tests="4" name="com.restasuredapi.HTTPRequests" time="9.361" errors="0" timestamp="2023-05-18T19:26:22 IST" skipped="0">
  <testcase classname="com.restasuredapi.HTTPRequests" name="getUsers" time="5.189"/>
  <system-out/>
  <testcase classname="com.restasuredapi.HTTPRequests" name="createUser" time="3.136"/>
  <system-out/>
  <testcase classname="com.restasuredapi.HTTPRequests" name="updateUser" time="0.550"/>
  <system-out/>
  <testcase classname="com.restasuredapi.HTTPRequests" name="deleteUser" time="0.486"/>
  <system-out/>
</testsuite> <!-- com.restasuredapi.HTTPRequests -->
