<?xml version="1.0" encoding="UTF-8"?>
<!-- Generated by org.testng.reporters.JUnitReportReporter -->
<testsuite hostname="DESKTOP-3RU6S7A" failures="0" tests="1" name="com.restasuredapi.HeadersDemo" time="6.188" errors="0" timestamp="2023-05-28T13:40:56 IST" skipped="0">
  <testcase classname="com.restasuredapi.HeadersDemo" name="headersDemo" time="6.188"/>
  <system-out/>
</testsuite> <!-- com.restasuredapi.HeadersDemo -->
