<?xml version="1.0" encoding="UTF-8"?>
<!-- Generated by org.testng.reporters.JUnitReportReporter -->
<testsuite hostname="DESKTOP-3RU6S7A" failures="0" tests="1" name="com.restasuredapi.PathAndQueryParameters" time="5.619" errors="0" timestamp="2023-05-27T17:21:24 IST" skipped="0">
  <testcase classname="com.restasuredapi.PathAndQueryParameters" name="pathAndQueryParameters" time="5.619"/>
  <system-out/>
</testsuite> <!-- com.restasuredapi.PathAndQueryParameters -->
