<?xml version="1.0" encoding="UTF-8"?>
<!-- Generated by org.testng.reporters.JUnitReportReporter -->
<testsuite hostname="DESKTOP-3RU6S7A" failures="0" tests="1" name="com.restasuredapi.DiffWaysToCreateRequestBody" time="8.862" errors="0" timestamp="2023-05-27T16:59:16 IST" skipped="0">
  <testcase classname="com.restasuredapi.DiffWaysToCreateRequestBody" name="createPostRequestBodyUsingPOJOClass" time="8.862"/>
  <system-out/>
</testsuite> <!-- com.restasuredapi.DiffWaysToCreateRequestBody -->
