<?xml version="1.0" encoding="UTF-8"?>
<!-- Generated by org.testng.reporters.JUnitReportReporter -->
<testsuite hostname="DESKTOP-3RU6S7A" failures="0" tests="1" name="com.restasuredapi.XMLDataValidation" time="6.958" errors="0" timestamp="2023-05-30T19:40:45 IST" skipped="0">
  <testcase classname="com.restasuredapi.XMLDataValidation" name="XMLDataValidtion" time="6.958"/>
  <system-out/>
</testsuite> <!-- com.restasuredapi.XMLDataValidation -->
